<?xml version="1.0" encoding="UTF-8"?>
<testsuite xmlns:xsi="http://www.w3.org/2001/XMLSchema-instance" xsi:noNamespaceSchemaLocation="https://maven.apache.org/surefire/maven-surefire-plugin/xsd/surefire-test-report.xsd" name="TransferTest" time="0.001" tests="6" errors="0" skipped="0" failures="0">
  <properties>
[...]
</properties>
  <testcase name="konstruktorTest" classname="TransferTest" time="0"/>
  <testcase name="calculateTest" classname="TransferTest" time="0"/>
  <testcase name="copyKonstruktorTest" classname="TransferTest" time="0"/>
  <testcase name="equalsTest" classname="TransferTest" time="0"/>
  <testcase name="toStringTest" classname="TransferTest" time="0.001"/>
  <testcase name="setterUndGetterTest" classname="TransferTest" time="0"/>
</testsuite>